1608903872252-GET-/user/
-200-{"xu_ly":"thêm user mới","data_send":{}}
1608903898499-GET-/user/
-200-{"xu_ly":"thêm user mới","data_send":{}}
1608903951146-GET-/user/
-200-{"xu_ly":"thêm user mới","data_send":{}}
1608903962865-GET-/user/
-200-{"xu_ly":"thêm user mới","data_send":{}}
1608905071483-GET-/user/
-200-{"xu_ly":"thêm user mới","data_send":{}}
1608905131717-GET-/users?s=hung
-200-{"xu_ly":"thêm user mới","data_send":{}}
1608905157490-GET-/users
-200-{"xu_ly":"thêm user mới","data_send":{}}
1608905287659-GET-/user/hungnguyenxuan118@gmail.com
-200-{"xu_ly":"thêm user mới","data_send":{}}
1608905324969-GET-/user/hungnguyenxuan118@gmail.com
-200-{"xu_ly":"thêm user mới","data_send":{}}
1609157283851-POST-/sign-up
-200-{"xu_ly":"thêm user mới","data_send":{"name":"Hùng Nguyễn","username":"hungnguyen","password":"123456789","email":"hungnguyenxuan118@gmail.com"}}
1609157293878-POST-/user/sign-up
-200-{"xu_ly":"thêm user mới","data_send":{"name":"Hùng Nguyễn","username":"hungnguyen","password":"123456789","email":"hungnguyenxuan118@gmail.com"}}
1609157377461-POST-/user/sign-up
-200-{"xu_ly":"thêm user mới","data_send":{"name":"Hùng Nguyễn","username":"hungnguyen","password":"123456789","email":"hungnguyenxuan118@gmail.com"}}
1609157562169-POST-/user/sign-up
-200-{"xu_ly":"thêm user mới","data_send":{"name":"Hùng Nguyễn","username":"hungnguyen","password":"123456789","email":"hungnguyenxuan118@gmail.com"}}
1609157659493-POST-/user/sign-up
-200-{"xu_ly":"thêm user mới","data_send":{"name":"Hùng Nguyễn","username":"hungnguyen","password":"123456789","email":"hungnguyenxuan118@gmail.com"}}
1609157835011-POST-/user/sign-up
-200-{"xu_ly":"thêm user mới","data_send":{"name":"Hùng Nguyễn","username":"hungnguyen","password":"123456789","email":"hungnguyenxuan118@gmail.com"}}
1609159878505-POST-/user
-200-{"xu_ly":"thêm user mới","data_send":{"name":"Hùng Nguyễn","tai_khoan":"hungnguyen","mat_khau":"123456789","email":"hungnguyenxuan118@gmail.com"}}
1609160113008-POST-/user
-200-{"xu_ly":"thêm user mới","data_send":{"name":"Hùng Nguyễn","tai_khoan":"hungnguyen","mat_khau":"123456789","email":"hungnguyenxuan118@gmail.com"}}
1609160144698-POST-/user
-200-{"xu_ly":"thêm user mới","data_send":{"name":"Hùng Nguyễn","tai_khoan":"hungnguyen","mat_khau":"123456789","email":"hungnguyenxuan118@gmail.com"}}
1609160160918-POST-/user
-200-{"xu_ly":"thêm user mới","data_send":{"name":"Hùng Nguyễn","tai_khoan":"hungnguyen","mat_khau":"123456789","email":"hungnguyenxuan118@gmail.com"}}
1609160176200-POST-/user
-200-{"xu_ly":"thêm user mới","data_send":{"name":"Hùng Nguyễn","tai_khoan":"hungnguyen","mat_khau":"123456789","email":"hungnguyenxuan118@gmail.com"}}
1609160226588-POST-/user
-200-{"xu_ly":"thêm user mới","data_send":{"name":"Hùng Nguyễn","tai_khoan":"hungnguyen","mat_khau":"123456789","email":"hungnguyenxuan118@gmail.com"}}
1609160244540-POST-/user
-200-{"xu_ly":"thêm user mới","data_send":{"name":"Hùng Nguyễn","tai_khoan":"hungnguyen","mat_khau":"123456789","email":"hungnguyenxuan118@gmail.com"}}
1609160260617-POST-/user
-200-{"xu_ly":"thêm user mới","data_send":{"name":"Hùng Nguyễn","tai_khoan":"hungnguyen","mat_khau":"123456789","email":"hungnguyenxuan118@gmail.com"}}
1609160283285-POST-/user
-200-{"xu_ly":"thêm user mới","data_send":{"name":"Hùng Nguyễn","tai_khoan":"hungnguyen","mat_khau":"123456789","email":"hungnguyenxuan118@gmail.com"}}
1609160309773-POST-/user
-200-{"xu_ly":"thêm user mới","data_send":{"name":"Hùng Nguyễn","tai_khoan":"hungnguyen","mat_khau":"123456789","email":"hungnguyenxuan118@gmail.com"}}
1609160327014-POST-/user
-200-{"xu_ly":"thêm user mới","data_send":{"name":"Hùng Nguyễn","tai_khoan":"hungnguyen","mat_khau":"123456789","email":"hungnguyenxuan118@gmail.com"}}
1609160376925-POST-/user
-200-{"xu_ly":"thêm user mới","data_send":{"name":"Hùng Nguyễn","tai_khoan":"hungnguyen","mat_khau":"123456789","email":"hungnguyenxuan118@gmail.com"}}
1609160557346-POST-/users
-200-{"xu_ly":"thêm user mới","data_send":[{"name":"Hùng Nguyễn","tai_khoan":"hungnguyen","mat_khau":"123456789","email":"hungnguyenxuan118@gmail.com"},{"name":"Hùng Nguyễn 1","tai_khoan":"hungnguyen","mat_khau":"123456789","email":"hungnguyenxuan1@gmail.com"},{"name":"Hùng Nguyễn 2","tai_khoan":"hungnguyen","mat_khau":"123456789","email":"hungnguyenxuan2@gmail.com"}]}
1609160601272-POST-/users
-200-{"xu_ly":"thêm user mới","data_send":[{"name":"Hùng Nguyễn","tai_khoan":"hungnguyen","mat_khau":"123456789","email":"hungnguyenxuan118@gmail.com"},{"name":"Hùng Nguyễn 1","tai_khoan":"hungnguyen","mat_khau":"123456789","email":"hungnguyenxuan1@gmail.com"},{"name":"Hùng Nguyễn 2","tai_khoan":"hungnguyen","mat_khau":"123456789","email":"hungnguyenxuan2@gmail.com"}]}
1609163628003-PUT-/users
-200-{"xu_ly":"thêm user mới","data_send":[{"name":"Hùng Nguyễn","tai_khoan":"hungnguyen","mat_khau":"123456789","email":"hungnguyenxuan118@gmail.com"},{"name":"Hùng Nguyễn 1","tai_khoan":"hungnguyen","mat_khau":"123456789","email":"hungnguyenxuan1@gmail.com"},{"name":"Hùng Nguyễn 2","tai_khoan":"hungnguyen","mat_khau":"123456789","email":"hungnguyenxuan2@gmail.com"}]}
1609163662408-PUT-/user/hungnguyenxuan2@gmail.com
-200-{"xu_ly":"thêm user mới","data_send":{"name":"Hùng Nguyễn","tai_khoan":"hungnguyen","mat_khau":"123456789","email":"hungnguyenxuan3@gmail.com"}}
1609163720008-PUT-/user/hungnguyenxuan2@gmail.com
-200-{"xu_ly":"thêm user mới","data_send":{"name":"Hùng Nguyễn","tai_khoan":"hungnguyen","mat_khau":"123456789","email":"hungnguyenxuan3@gmail.com"}}
1609163825822-PUT-/user/hungnguyenxuan2@gmail.com
-200-{"xu_ly":"thêm user mới","data_send":{"name":"Hùng Nguyễn","tai_khoan":"hungnguyen","mat_khau":"123456789","email":"hungnguyenxuan3@gmail.com"}}
1609164696764-DELETE-/user/hungnguyenxuan3@gmail.com
-200-{"xu_ly":"thêm user mới","data_send":{}}
1609164764701-DELETE-/user/hungnguyenxuan3@gmail.com
-200-{"xu_ly":"thêm user mới","data_send":{}}
1609766407481-POST-/user/log-in
-200-{"xu_ly":"thêm user mới","data_send":{"tai_khoan":"hungnguyen","mat_khau":"123456789"}}
1609766493154-POST-/user/log-in
-200-{"xu_ly":"thêm user mới","data_send":{"tai_khoan":"hungnguyen","mat_khau":"123456789"}}
1609766500254-POST-/user/log-in
-200-{"xu_ly":"thêm user mới","data_send":{"tai_khoan":"dfdsfdsfdsfs","mat_khau":"123456789"}}
1609766811037-POST-/user/log-in
-200-{"xu_ly":"thêm user mới","data_send":{"tai_khoan":"dfdsfdsfdsfs","mat_khau":"123456789"}}
1609766822949-POST-/user/log-in
-200-{"xu_ly":"thêm user mới","data_send":{"tai_khoan":"hungnguyen","mat_khau":"12345678921321321"}}
1609766831747-POST-/user/log-in
-200-{"xu_ly":"thêm user mới","data_send":{"tai_khoan":"hungnguyen","mat_khau":"123456789"}}
1609767071783-OPTIONS-/user/log-in
-200-{"xu_ly":"thêm user mới","data_send":{}}
1609767232276-POST-/user/log-in
-200-{"xu_ly":"thêm user mới","data_send":{"name":"","tai_khoan":"dsfdsfdsfsd","mat_khau":"34234234234324"}}
1609767322079-POST-/user/log-in
-200-{"xu_ly":"thêm user mới","data_send":{"name":"","tai_khoan":"dsfdsfdsfsd","mat_khau":"432423423423"}}
1609767376814-POST-/user/log-in
-200-{"xu_ly":"thêm user mới","data_send":{"name":"","tai_khoan":"dsfdsfdsfsd","mat_khau":"dsfdsfdsfds"}}
1609767532686-POST-/user/log-in
-200-{"xu_ly":"thêm user mới","data_send":{"name":"","tai_khoan":"dsfdsfdsfsd","mat_khau":"dsfdsfdfdsfdsf"}}
1609767546046-POST-/user/log-in
-200-{"xu_ly":"thêm user mới","data_send":{"name":"","tai_khoan":"hungnguyen","mat_khau":"3423423432432423"}}
1609767551532-POST-/user/log-in
-200-{"xu_ly":"thêm user mới","data_send":{"name":"","tai_khoan":"hungnguyen","mat_khau":"123456789"}}
1609767676872-POST-/user/log-in
-200-{"xu_ly":"thêm user mới","data_send":{"name":"","tai_khoan":"hungnguyen","mat_khau":"123456789"}}
1609934798558-GET-/movies
-200-{"xu_ly":"thêm user mới","data_send":{}}
1609934811123-GET-/movies
-200-{"xu_ly":"thêm user mới","data_send":{}}
1609935072903-GET-/movies
-200-{"xu_ly":"thêm user mới","data_send":{}}
1609935238121-GET-/movies
-200-{"xu_ly":"thêm user mới","data_send":{}}
1609935245137-GET-/movies
-200-{"xu_ly":"thêm user mới","data_send":{}}
1609935265424-GET-/movies
-200-{"xu_ly":"thêm user mới","data_send":{}}
1609935331149-GET-/movies
-200-{"xu_ly":"thêm user mới","data_send":{}}
1609935360140-GET-/movies
-200-{"xu_ly":"thêm user mới","data_send":{}}
1609935497182-GET-/movies
-200-{"xu_ly":"thêm user mới","data_send":{}}
1609935499874-GET-/movies
-200-{"xu_ly":"thêm user mới","data_send":{}}
1609935539558-GET-/movies
-200-{"xu_ly":"thêm user mới","data_send":{}}
1609935641011-GET-/movies
-200-{"xu_ly":"thêm user mới","data_send":{}}
1609935793343-GET-/movies
-200-{"xu_ly":"thêm user mới","data_send":{}}
1609937934759-GET-/movies
-200-{"xu_ly":"thêm user mới","data_send":{}}
1609937988665-GET-/movies
-200-{"xu_ly":"thêm user mới","data_send":{}}
1609938037474-GET-/movies
-200-{"xu_ly":"thêm user mới","data_send":{}}
1609938294658-GET-/movies
-200-{"xu_ly":"thêm user mới","data_send":{}}
1609938775112-GET-/movies
-200-{"xu_ly":"thêm user mới","data_send":{}}
1609938825038-GET-/movies
-200-{"xu_ly":"thêm user mới","data_send":{}}
1609939495031-GET-/movies
-200-{"xu_ly":"thêm user mới","data_send":{}}
1609939619521-GET-/movies
-200-{"xu_ly":"thêm user mới","data_send":{}}
1609939756955-GET-/movies
-200-{"xu_ly":"thêm user mới","data_send":{}}
1609941544037-GET-/movies
-200-{"xu_ly":"thêm user mới","data_send":{}}
1609941877164-GET-/movies?thoi_luong=120
-200-{"xu_ly":"thêm user mới","data_send":{}}
1609941972586-GET-/movies?thoi_luong=120
-200-{"xu_ly":"thêm user mới","data_send":{}}
1609942006539-GET-/movies?thoi_luong=120
-200-{"xu_ly":"thêm user mới","data_send":{}}
1609942045371-GET-/movies
-200-{"xu_ly":"thêm user mới","data_send":{}}
1609942118042-GET-/movies
-200-{"xu_ly":"thêm user mới","data_send":{}}
1609942401203-GET-/movies
-200-{"xu_ly":"thêm user mới","data_send":{}}
1609942413869-GET-/movies?thoi_luong=120
-200-{"xu_ly":"thêm user mới","data_send":{}}
1609942458219-GET-/movies
-200-{"xu_ly":"thêm user mới","data_send":{}}
1609942465042-GET-/movies?thoi_luong=120
-200-{"xu_ly":"thêm user mới","data_send":{}}
1609942491768-GET-/movies?thoi_luong=100
-200-{"xu_ly":"thêm user mới","data_send":{}}
1610105681938-GET-/movies
-200-{"xu_ly":"thêm user mới","data_send":{}}
1610108747602-GET-/movies
-200-{"xu_ly":"thêm user mới","data_send":{}}
1610108888055-GET-/movies
-200-{"xu_ly":"thêm user mới","data_send":{}}
1610108930079-GET-/movies
-200-{"xu_ly":"thêm user mới","data_send":{}}
1610108974897-GET-/movies
-200-{"xu_ly":"thêm user mới","data_send":{}}
1610109071366-GET-/movies
-200-{"xu_ly":"thêm user mới","data_send":{}}
1610109188570-GET-/movies
-200-{"xu_ly":"thêm user mới","data_send":{}}
1610109327982-GET-/movies
-200-{"xu_ly":"thêm user mới","data_send":{}}
1610109332760-GET-/movies
-200-{"xu_ly":"thêm user mới","data_send":{}}
1610109470495-GET-/movies
-200-{"xu_ly":"thêm user mới","data_send":{}}
1610109478113-GET-/movies
-200-{"xu_ly":"thêm user mới","data_send":{}}
1610109629099-GET-/socket.io/?EIO=4&transport=polling&t=NRY0pAV
-200-{"xu_ly":"thêm user mới","data_send":{}}
1610109629106-GET-/socket.io/?EIO=4&transport=polling&t=NRY0pAV.0
-200-{"xu_ly":"thêm user mới","data_send":{}}
1610109635090-GET-/socket.io/?EIO=4&transport=polling&t=NRY0qeF
-200-{"xu_ly":"thêm user mới","data_send":{}}
1610109635092-GET-/socket.io/?EIO=4&transport=polling&t=NRY0qeG
-200-{"xu_ly":"thêm user mới","data_send":{}}
1610109640372-GET-/socket.io/?EIO=4&transport=polling&t=NRY0rwg
-200-{"xu_ly":"thêm user mới","data_send":{}}
1610109640374-GET-/socket.io/?EIO=4&transport=polling&t=NRY0rwh
-200-{"xu_ly":"thêm user mới","data_send":{}}
1610109641659-GET-/movies
-200-{"xu_ly":"thêm user mới","data_send":{}}
1610109793701-GET-/movies
-200-{"xu_ly":"thêm user mới","data_send":{}}
1610109829505-GET-/movies
-200-{"xu_ly":"thêm user mới","data_send":{}}
1610109848184-GET-/movies
-200-{"xu_ly":"thêm user mới","data_send":{}}
1610109892311-GET-/movies
-200-{"xu_ly":"thêm user mới","data_send":{}}
1610109946640-GET-/movies
-200-{"xu_ly":"thêm user mới","data_send":{}}
1610109970990-GET-/movies
-200-{"xu_ly":"thêm user mới","data_send":{}}
1610109985041-GET-/movies
-200-{"xu_ly":"thêm user mới","data_send":{}}
1610110039696-GET-/movies
-200-{"xu_ly":"thêm user mới","data_send":{}}
1610110154124-GET-/movies
-200-{"xu_ly":"thêm user mới","data_send":{}}
1610110175206-GET-/movies
-200-{"xu_ly":"thêm user mới","data_send":{}}
1610110197118-GET-/movies
-200-{"xu_ly":"thêm user mới","data_send":{}}
1610110290721-GET-/movies
-200-{"xu_ly":"thêm user mới","data_send":{}}
1610110313256-GET-/movies
-200-{"xu_ly":"thêm user mới","data_send":{}}
1610110341161-GET-/movies
-200-{"xu_ly":"thêm user mới","data_send":{}}
1610110822233-GET-/movies
-200-{"xu_ly":"thêm user mới","data_send":{}}
1610110926865-GET-/movies
-200-{"xu_ly":"thêm user mới","data_send":{}}
1610110986405-GET-/movies
-200-{"xu_ly":"thêm user mới","data_send":{}}
1610111009358-GET-/movies
-200-{"xu_ly":"thêm user mới","data_send":{}}
1610111039305-GET-/movies
-200-{"xu_ly":"thêm user mới","data_send":{}}
1610111165397-GET-/movies
-200-{"xu_ly":"thêm user mới","data_send":{}}
1610111175513-GET-/movies
-200-{"xu_ly":"thêm user mới","data_send":{}}
1610115565828-GET-/images/send_message.png
-200-{"xu_ly":"thêm user mới","data_send":{}}
1610115565914-GET-/movies
-200-{"xu_ly":"thêm user mới","data_send":{}}
1610115565927-GET-/danh-sach-chat
-200-{"xu_ly":"thêm user mới","data_send":{}}
1610115565934-GET-/fonts/glyphicons-halflings-regular.woff2
-200-{"xu_ly":"thêm user mới","data_send":{}}
1610365307992-GET-/movies
-200-{"xu_ly":"thêm user mới","data_send":{}}
1610365308075-GET-/fonts/glyphicons-halflings-regular.woff2
-200-{"xu_ly":"thêm user mới","data_send":{}}
1610365308113-GET-/danh-sach-chat
-200-{"xu_ly":"thêm user mới","data_send":{}}
1610365308184-GET-/images/send_message.png
-200-{"xu_ly":"thêm user mới","data_send":{}}
1610365774161-GET-/danh-sach-chat
-200-{"xu_ly":"thêm user mới","data_send":{}}
1610365804751-GET-/images/send_message.png
-200-{"xu_ly":"thêm user mới","data_send":{}}
1610365804909-GET-/movies
-200-{"xu_ly":"thêm user mới","data_send":{}}
1610365804941-GET-/danh-sach-chat
-200-{"xu_ly":"thêm user mới","data_send":{}}
1610365804943-GET-/fonts/glyphicons-halflings-regular.woff2
-200-{"xu_ly":"thêm user mới","data_send":{}}
1610365990139-GET-/images/send_message.png
-200-{"xu_ly":"thêm user mới","data_send":{}}
1610365990145-GET-/danh-sach-chat
-200-{"xu_ly":"thêm user mới","data_send":{}}
1610366030127-GET-/images/send_message.png
-200-{"xu_ly":"thêm user mới","data_send":{}}
1610366030177-GET-/danh-sach-chat
-200-{"xu_ly":"thêm user mới","data_send":{}}
1610366038131-GET-/images/send_message.png
-200-{"xu_ly":"thêm user mới","data_send":{}}
1610366038435-GET-/danh-sach-chat
-200-{"xu_ly":"thêm user mới","data_send":{}}
1610366175774-GET-/images/send_message.png
-200-{"xu_ly":"thêm user mới","data_send":{}}
1610366175888-GET-/movies
-200-{"xu_ly":"thêm user mới","data_send":{}}
1610366175914-GET-/danh-sach-chat
-200-{"xu_ly":"thêm user mới","data_send":{}}
1610366175916-GET-/fonts/glyphicons-halflings-regular.woff2
-200-{"xu_ly":"thêm user mới","data_send":{}}
1610366240087-GET-/images/send_message.png
-200-{"xu_ly":"thêm user mới","data_send":{}}
1610366240221-GET-/movies
-200-{"xu_ly":"thêm user mới","data_send":{}}
1610366240260-GET-/danh-sach-chat
-200-{"xu_ly":"thêm user mới","data_send":{}}
1610366240265-GET-/fonts/glyphicons-halflings-regular.woff2
-200-{"xu_ly":"thêm user mới","data_send":{}}
1610366261134-GET-/danh-sach-chat
-200-{"xu_ly":"thêm user mới","data_send":{}}
1610366302146-GET-/danh-sach-chat
-200-{"xu_ly":"thêm user mới","data_send":{}}
1610366384131-GET-/danh-sach-chat
-200-{"xu_ly":"thêm user mới","data_send":{}}
1610366925395-GET-/images/send_message.png
-200-{"xu_ly":"thêm user mới","data_send":{}}
1610366925528-GET-/movies
-200-{"xu_ly":"thêm user mới","data_send":{}}
1610366925548-GET-/danh-sach-chat
-200-{"xu_ly":"thêm user mới","data_send":{}}
1610366925551-GET-/fonts/glyphicons-halflings-regular.woff2
-200-{"xu_ly":"thêm user mới","data_send":{}}
1610367078082-GET-/images/send_message.png
-200-{"xu_ly":"thêm user mới","data_send":{}}
1610367078224-GET-/movies
-200-{"xu_ly":"thêm user mới","data_send":{}}
1610367078232-GET-/danh-sach-chat
-200-{"xu_ly":"thêm user mới","data_send":{}}
1610367078249-GET-/fonts/glyphicons-halflings-regular.woff2
-200-{"xu_ly":"thêm user mới","data_send":{}}
1610367353143-GET-/images/send_message.png
-200-{"xu_ly":"thêm user mới","data_send":{}}
1610367353149-GET-/danh-sach-chat
-200-{"xu_ly":"thêm user mới","data_send":{}}
1610367353164-GET-/images/send_message.png
-200-{"xu_ly":"thêm user mới","data_send":{}}
1610367353178-GET-/danh-sach-chat
-200-{"xu_ly":"thêm user mới","data_send":{}}
1610367620027-GET-/messages
-200-{"xu_ly":"thêm user mới","data_send":{}}
1610367662133-GET-/messages
-200-{"xu_ly":"thêm user mới","data_send":{}}
1610367662136-GET-/messages
-200-{"xu_ly":"thêm user mới","data_send":{}}
1610367700140-GET-/messages
-200-{"xu_ly":"thêm user mới","data_send":{}}
1610367700149-GET-/messages
-200-{"xu_ly":"thêm user mới","data_send":{}}
1610367797141-GET-/messages
-200-{"xu_ly":"thêm user mới","data_send":{}}
1610367797152-GET-/messages
-200-{"xu_ly":"thêm user mới","data_send":{}}
1610367801935-GET-/images/send_message.png
-200-{"xu_ly":"thêm user mới","data_send":{}}
1610367802027-GET-/movies
-200-{"xu_ly":"thêm user mới","data_send":{}}
1610367802031-GET-/messages
-200-{"xu_ly":"thêm user mới","data_send":{}}
1610367802033-GET-/fonts/glyphicons-halflings-regular.woff2
-200-{"xu_ly":"thêm user mới","data_send":{}}
1610367839132-GET-/messages
-200-{"xu_ly":"thêm user mới","data_send":{}}
1610367840154-GET-/messages
-200-{"xu_ly":"thêm user mới","data_send":{}}
1610367914154-GET-/messages
-200-{"xu_ly":"thêm user mới","data_send":{}}
1610367914183-GET-/messages
-200-{"xu_ly":"thêm user mới","data_send":{}}
1610367929157-GET-/messages
-200-{"xu_ly":"thêm user mới","data_send":{}}
1610367929196-GET-/messages
-200-{"xu_ly":"thêm user mới","data_send":{}}
1610367982135-GET-/messages
-200-{"xu_ly":"thêm user mới","data_send":{}}
1610367982148-GET-/messages
-200-{"xu_ly":"thêm user mới","data_send":{}}
1610367989471-GET-/images/send_message.png
-200-{"xu_ly":"thêm user mới","data_send":{}}
1610367989601-GET-/movies
-200-{"xu_ly":"thêm user mới","data_send":{}}
1610367989607-GET-/messages
-200-{"xu_ly":"thêm user mới","data_send":{}}
1610367989609-GET-/fonts/glyphicons-halflings-regular.woff2
-200-{"xu_ly":"thêm user mới","data_send":{}}
1610368010147-GET-/messages
-200-{"xu_ly":"thêm user mới","data_send":{}}
1610368010168-GET-/messages
-200-{"xu_ly":"thêm user mới","data_send":{}}
1610368021994-GET-/images/send_message.png
-200-{"xu_ly":"thêm user mới","data_send":{}}
1610368022120-GET-/movies
-200-{"xu_ly":"thêm user mới","data_send":{}}
1610368022127-GET-/messages
-200-{"xu_ly":"thêm user mới","data_send":{}}
1610368022131-GET-/fonts/glyphicons-halflings-regular.woff2
-200-{"xu_ly":"thêm user mới","data_send":{}}
1610368223149-GET-/images/send_message.png
-200-{"xu_ly":"thêm user mới","data_send":{}}
1610368223253-GET-/movies
-200-{"xu_ly":"thêm user mới","data_send":{}}
1610368223267-GET-/messages
-200-{"xu_ly":"thêm user mới","data_send":{}}
1610368223274-GET-/fonts/glyphicons-halflings-regular.woff2
-200-{"xu_ly":"thêm user mới","data_send":{}}
1610368225833-GET-/images/send_message.png
-200-{"xu_ly":"thêm user mới","data_send":{}}
1610368225949-GET-/movies
-200-{"xu_ly":"thêm user mới","data_send":{}}
1610368225952-GET-/messages
-200-{"xu_ly":"thêm user mới","data_send":{}}
1610368225955-GET-/fonts/glyphicons-halflings-regular.woff2
-200-{"xu_ly":"thêm user mới","data_send":{}}
1610368264575-GET-/images/send_message.png
-200-{"xu_ly":"thêm user mới","data_send":{}}
1610368264715-GET-/movies
-200-{"xu_ly":"thêm user mới","data_send":{}}
1610368264729-GET-/messages
-200-{"xu_ly":"thêm user mới","data_send":{}}
1610368264731-GET-/fonts/glyphicons-halflings-regular.woff2
-200-{"xu_ly":"thêm user mới","data_send":{}}
1610368266706-GET-/images/send_message.png
-200-{"xu_ly":"thêm user mới","data_send":{}}
1610368266833-GET-/movies
-200-{"xu_ly":"thêm user mới","data_send":{}}
1610368266838-GET-/messages
-200-{"xu_ly":"thêm user mới","data_send":{}}
1610368266846-GET-/fonts/glyphicons-halflings-regular.woff2
-200-{"xu_ly":"thêm user mới","data_send":{}}
1610368355150-GET-/messages
-200-{"xu_ly":"thêm user mới","data_send":{}}
1610368355157-GET-/messages
-200-{"xu_ly":"thêm user mới","data_send":{}}
1610368358406-GET-/images/send_message.png
-200-{"xu_ly":"thêm user mới","data_send":{}}
1610368358501-GET-/movies
-200-{"xu_ly":"thêm user mới","data_send":{}}
1610368358505-GET-/messages
-200-{"xu_ly":"thêm user mới","data_send":{}}
1610368358516-GET-/fonts/glyphicons-halflings-regular.woff2
-200-{"xu_ly":"thêm user mới","data_send":{}}
1610368360736-GET-/images/send_message.png
-200-{"xu_ly":"thêm user mới","data_send":{}}
1610368360870-GET-/movies
-200-{"xu_ly":"thêm user mới","data_send":{}}
1610368360874-GET-/messages
-200-{"xu_ly":"thêm user mới","data_send":{}}
1610368360878-GET-/fonts/glyphicons-halflings-regular.woff2
-200-{"xu_ly":"thêm user mới","data_send":{}}
1610368396147-GET-/messages
-200-{"xu_ly":"thêm user mới","data_send":{}}
1610368396177-GET-/messages
-200-{"xu_ly":"thêm user mới","data_send":{}}
1610368403590-GET-/images/send_message.png
-200-{"xu_ly":"thêm user mới","data_send":{}}
1610368403701-GET-/movies
-200-{"xu_ly":"thêm user mới","data_send":{}}
1610368403729-GET-/messages
-200-{"xu_ly":"thêm user mới","data_send":{}}
1610368403736-GET-/fonts/glyphicons-halflings-regular.woff2
-200-{"xu_ly":"thêm user mới","data_send":{}}
1610368406716-GET-/images/send_message.png
-200-{"xu_ly":"thêm user mới","data_send":{}}
1610368406795-GET-/movies
-200-{"xu_ly":"thêm user mới","data_send":{}}
1610368406797-GET-/messages
-200-{"xu_ly":"thêm user mới","data_send":{}}
1610368406808-GET-/fonts/glyphicons-halflings-regular.woff2
-200-{"xu_ly":"thêm user mới","data_send":{}}
1610368567143-GET-/messages
-200-{"xu_ly":"thêm user mới","data_send":{}}
1610368567153-GET-/messages
-200-{"xu_ly":"thêm user mới","data_send":{}}
1610368662136-GET-/messages
-200-{"xu_ly":"thêm user mới","data_send":{}}
1610368662167-GET-/messages
-200-{"xu_ly":"thêm user mới","data_send":{}}
1610368714143-GET-/messages
-200-{"xu_ly":"thêm user mới","data_send":{}}
1610368714145-GET-/messages
-200-{"xu_ly":"thêm user mới","data_send":{}}
1610368722300-GET-/images/send_message.png
-200-{"xu_ly":"thêm user mới","data_send":{}}
1610368722425-GET-/movies
-200-{"xu_ly":"thêm user mới","data_send":{}}
1610368722426-GET-/messages
-200-{"xu_ly":"thêm user mới","data_send":{}}
1610368722450-GET-/fonts/glyphicons-halflings-regular.woff2
-200-{"xu_ly":"thêm user mới","data_send":{}}
1610368730696-GET-/images/send_message.png
-200-{"xu_ly":"thêm user mới","data_send":{}}
1610368730797-GET-/movies
-200-{"xu_ly":"thêm user mới","data_send":{}}
1610368730822-GET-/messages
-200-{"xu_ly":"thêm user mới","data_send":{}}
1610368730823-GET-/fonts/glyphicons-halflings-regular.woff2
-200-{"xu_ly":"thêm user mới","data_send":{}}
1610368733441-GET-/images/send_message.png
-200-{"xu_ly":"thêm user mới","data_send":{}}
1610368733537-GET-/movies
-200-{"xu_ly":"thêm user mới","data_send":{}}
1610368733545-GET-/messages
-200-{"xu_ly":"thêm user mới","data_send":{}}
1610368733550-GET-/fonts/glyphicons-halflings-regular.woff2
-200-{"xu_ly":"thêm user mới","data_send":{}}
1610368769838-GET-/images/send_message.png
-200-{"xu_ly":"thêm user mới","data_send":{}}
1610368769995-GET-/movies
-200-{"xu_ly":"thêm user mới","data_send":{}}
1610368770012-GET-/messages
-200-{"xu_ly":"thêm user mới","data_send":{}}
1610368770020-GET-/fonts/glyphicons-halflings-regular.woff2
-200-{"xu_ly":"thêm user mới","data_send":{}}
1610368772615-GET-/images/send_message.png
-200-{"xu_ly":"thêm user mới","data_send":{}}
1610368772713-GET-/movies
-200-{"xu_ly":"thêm user mới","data_send":{}}
1610368772717-GET-/messages
-200-{"xu_ly":"thêm user mới","data_send":{}}
1610368772721-GET-/fonts/glyphicons-halflings-regular.woff2
-200-{"xu_ly":"thêm user mới","data_send":{}}
1610368802125-GET-/messages
-200-{"xu_ly":"thêm user mới","data_send":{}}
1610368803127-GET-/messages
-200-{"xu_ly":"thêm user mới","data_send":{}}
1610368848625-GET-/images/send_message.png
-200-{"xu_ly":"thêm user mới","data_send":{}}
1610368848736-GET-/movies
-200-{"xu_ly":"thêm user mới","data_send":{}}
1610368848751-GET-/messages
-200-{"xu_ly":"thêm user mới","data_send":{}}
1610368848753-GET-/fonts/glyphicons-halflings-regular.woff2
-200-{"xu_ly":"thêm user mới","data_send":{}}
1610368851737-GET-/images/send_message.png
-200-{"xu_ly":"thêm user mới","data_send":{}}
1610368851840-GET-/movies
-200-{"xu_ly":"thêm user mới","data_send":{}}
1610368851843-GET-/messages
-200-{"xu_ly":"thêm user mới","data_send":{}}
1610368851851-GET-/fonts/glyphicons-halflings-regular.woff2
-200-{"xu_ly":"thêm user mới","data_send":{}}
1610368874142-GET-/messages
-200-{"xu_ly":"thêm user mới","data_send":{}}
1610368874144-GET-/messages
-200-{"xu_ly":"thêm user mới","data_send":{}}
1610368877359-GET-/images/send_message.png
-200-{"xu_ly":"thêm user mới","data_send":{}}
1610368877493-GET-/movies
-200-{"xu_ly":"thêm user mới","data_send":{}}
1610368877494-GET-/messages
-200-{"xu_ly":"thêm user mới","data_send":{}}
1610368877496-GET-/fonts/glyphicons-halflings-regular.woff2
-200-{"xu_ly":"thêm user mới","data_send":{}}
1610368880448-GET-/images/send_message.png
-200-{"xu_ly":"thêm user mới","data_send":{}}
1610368880559-GET-/movies
-200-{"xu_ly":"thêm user mới","data_send":{}}
1610368880564-GET-/messages
-200-{"xu_ly":"thêm user mới","data_send":{}}
1610368880572-GET-/fonts/glyphicons-halflings-regular.woff2
-200-{"xu_ly":"thêm user mới","data_send":{}}
